store_sales store_returns 97.983521002
store_sales store_returns_uf_1p 76.968709410
store_sales store_returns_uf_10p 91.999982235
store_sales store_returns_q75_uv_1p 72.970183808
store_sales store_returns_q75_uv_10p 94.983761804
store_sales_uf_1p store_returns 11.964051065
store_sales_uf_1p store_returns_uf_1p 3.236423413
store_sales_uf_1p store_returns_uf_10p 4.653194001
store_sales_uf_1p store_returns_q75_uv_1p 2.864341571
store_sales_uf_1p store_returns_q75_uv_10p 4.071342621
store_sales_uf_10p store_returns 25.913946961
store_sales_uf_10p store_returns_uf_1p 11.799187303
store_sales_uf_10p store_returns_uf_10p 12.825884112
store_sales_uf_10p store_returns_q75_uv_1p 12.896173459
store_sales_uf_10p store_returns_q75_uv_10p 12.850438265
store_sales_q75_uv_1p store_returns 13.938871158
store_sales_q75_uv_1p store_returns_uf_1p 2.657151633
store_sales_q75_uv_1p store_returns_uf_10p 4.082382408
store_sales_q75_uv_1p store_returns_q75_uv_1p 2.798237348
store_sales_q75_uv_1p store_returns_q75_uv_10p 4.047922963
store_sales_q75_uv_10p store_returns 19.364540882
store_sales_q75_uv_10p store_returns_uf_1p 7.880706455
store_sales_q75_uv_10p store_returns_uf_10p 9.128195038
store_sales_q75_uv_10p store_returns_q75_uv_1p 7.852621671
store_sales_q75_uv_10p store_returns_q75_uv_10p 9.319520172
store_sales_q75_st_g_100 store_returns 30.386029230
store_sales_q75_st_g_100 store_returns_uf_1p 13.326523914
store_sales_q75_st_g_100 store_returns_uf_10p 14.942578059
store_sales_q75_st_g_100 store_returns_q75_uv_1p 13.807950904
store_sales_q75_st_g_100 store_returns_q75_uv_10p 13.342330890
store_sales_q75_st_p_1000 store_returns 9.829709570
store_sales_q75_st_p_1000 store_returns_uf_1p 2.261572849
store_sales_q75_st_p_1000 store_returns_uf_10p 2.658994330
store_sales_q75_st_p_1000 store_returns_q75_uv_1p 2.165385567
store_sales_q75_st_p_1000 store_returns_q75_uv_10p 2.639107346
store_sales_q75_st_g_10 store_returns 11.341354703
store_sales_q75_st_g_10 store_returns_uf_1p 3.078660749
store_sales_q75_st_g_10 store_returns_uf_10p 5.461976006
store_sales_q75_st_g_10 store_returns_q75_uv_1p 2.948055643
store_sales_q75_st_g_10 store_returns_q75_uv_10p 5.756397358
store_sales_q75_st_p_10 store_returns 9.406594171
store_sales_q75_st_p_10 store_returns_uf_1p 1.642113730
store_sales_q75_st_p_10 store_returns_uf_10p 2.053863535
store_sales_q75_st_p_10 store_returns_q75_uv_1p 1.631157663
store_sales_q75_st_p_10 store_returns_q75_uv_10p 2.001714611
store_sales_q75_st_d_year_10 store_returns 10.095749253
store_sales_q75_st_d_year_10 store_returns_uf_1p 1.389286310
store_sales_q75_st_d_year_10 store_returns_uf_10p 1.892036145
store_sales_q75_st_d_year_10 store_returns_q75_uv_1p 1.613870386
store_sales_q75_st_d_year_10 store_returns_q75_uv_10p 1.869677977
store_sales_q75_st_d_year_100 store_returns 9.744241420
store_sales_q75_st_d_year_100 store_returns_uf_1p 1.701867582
store_sales_q75_st_d_year_100 store_returns_uf_10p 2.198325108
store_sales_q75_st_d_year_100 store_returns_q75_uv_1p 1.648534542
store_sales_q75_st_d_year_100 store_returns_q75_uv_10p 2.095873456
store_sales_q75_st_d_year_1000 store_returns 10.179986416
store_sales_q75_st_d_year_1000 store_returns_uf_1p 1.645112179
store_sales_q75_st_d_year_1000 store_returns_uf_10p 2.135902583
store_sales_q75_st_d_year_1000 store_returns_q75_uv_1p 1.613493327
store_sales_q75_st_d_year_1000 store_returns_q75_uv_10p 2.037697144
store_sales_q75_st_d_year_i_manufact_id_10 store_returns 10.369289421
store_sales_q75_st_d_year_i_manufact_id_10 store_returns_uf_1p 1.848590462
store_sales_q75_st_d_year_i_manufact_id_10 store_returns_uf_10p 2.441434252
store_sales_q75_st_d_year_i_manufact_id_10 store_returns_q75_uv_1p 1.637217588
store_sales_q75_st_d_year_i_manufact_id_10 store_returns_q75_uv_10p 2.179643156
store_sales_q75_st_d_year_i_manufact_id_100 store_returns 9.796412086
store_sales_q75_st_d_year_i_manufact_id_100 store_returns_uf_1p 1.909510212
store_sales_q75_st_d_year_i_manufact_id_100 store_returns_uf_10p 2.415901641
store_sales_q75_st_d_year_i_manufact_id_100 store_returns_q75_uv_1p 1.932915811
store_sales_q75_st_d_year_i_manufact_id_100 store_returns_q75_uv_10p 2.544747424
store_sales_q75_st_d_year_i_manufact_id_1000 store_returns 10.455726364
store_sales_q75_st_d_year_i_manufact_id_1000 store_returns_uf_1p 2.318643993
store_sales_q75_st_d_year_i_manufact_id_1000 store_returns_uf_10p 2.723005390
store_sales_q75_st_d_year_i_manufact_id_1000 store_returns_q75_uv_1p 2.322909846
store_sales_q75_st_d_year_i_manufact_id_1000 store_returns_q75_uv_10p 2.607398836
store_sales_q75_st_d_year_i_category_id_10 store_returns 12.660226054
store_sales_q75_st_d_year_i_category_id_10 store_returns_uf_1p 1.769999937
store_sales_q75_st_d_year_i_category_id_10 store_returns_uf_10p 2.125217744
store_sales_q75_st_d_year_i_category_id_10 store_returns_q75_uv_1p 1.687809648
store_sales_q75_st_d_year_i_category_id_10 store_returns_q75_uv_10p 2.206775408
store_sales_q75_st_d_year_i_category_id_100 store_returns 10.298804453
store_sales_q75_st_d_year_i_category_id_100 store_returns_uf_1p 1.708765564
store_sales_q75_st_d_year_i_category_id_100 store_returns_uf_10p 2.095138649
store_sales_q75_st_d_year_i_category_id_100 store_returns_q75_uv_1p 1.612641567
store_sales_q75_st_d_year_i_category_id_100 store_returns_q75_uv_10p 2.311831774
store_sales_q75_st_d_year_i_category_id_1000 store_returns 9.693060001
store_sales_q75_st_d_year_i_category_id_1000 store_returns_uf_1p 1.794339466
store_sales_q75_st_d_year_i_category_id_1000 store_returns_uf_10p 2.276619058
store_sales_q75_st_d_year_i_category_id_1000 store_returns_q75_uv_1p 1.689030755
store_sales_q75_st_d_year_i_category_id_1000 store_returns_q75_uv_10p 2.182053382
